2024-01-06 23:36:09,baseApi(line:46),INFO|模块名:Login,接口名:login
    响应状态码:200,
    请求url:http://42.192.62.8:8082//account/sLogin,
    请求方法:POST
2024-01-06 23:36:09,baseApi(line:46),INFO|模块名:Shop,接口名:query
    响应状态码:200,
    请求url:http://42.192.62.8:8082//shopping/myShop?page=1&limit=1,
    请求方法:GET
2024-01-06 23:36:09,apiAssert(line:37),INFO|店铺查询接口断言,断言类型:==,断言详情：实际结果:20000,预期结果:20000
2024-01-06 23:36:09,baseApi(line:46),INFO|模块名:Shop,接口名:query
    响应状态码:200,
    请求url:http://42.192.62.8:8082//shopping/myShop?page=0&limit=1,
    请求方法:GET
2024-01-06 23:36:09,apiAssert(line:37),INFO|店铺查询接口断言,断言类型:==,断言详情：实际结果:20000,预期结果:20000
2024-01-06 23:36:09,baseApi(line:46),INFO|模块名:Shop,接口名:query
    响应状态码:200,
    请求url:http://42.192.62.8:8082//shopping/myShop?page=-1&limit=1,
    请求方法:GET
2024-01-06 23:36:09,apiAssert(line:37),INFO|店铺查询接口断言,断言类型:==,断言详情：实际结果:20000,预期结果:20000
2024-01-06 23:36:10,baseApi(line:46),INFO|模块名:Shop,接口名:query
    响应状态码:200,
    请求url:http://42.192.62.8:8082//shopping/myShop?page=2&limit=1,
    请求方法:GET
2024-01-06 23:36:10,apiAssert(line:37),INFO|店铺查询接口断言,断言类型:==,断言详情：实际结果:20000,预期结果:20000
2024-01-06 23:36:10,baseApi(line:46),INFO|模块名:Shop,接口名:query
    响应状态码:500,
    请求url:http://42.192.62.8:8082//shopping/myShop?page=1&limit=0,
    请求方法:GET
2024-01-06 23:36:10,apiAssert(line:39),ERROR|Traceback (most recent call last):
  File "C:\DeliverySystem完整代码\common\apiAssert.py", line 27, in api_assert
    "==": result[assert_info] == exp_result[assert_info],
KeyError: 'code'

2024-01-06 23:36:10,baseApi(line:46),INFO|模块名:Shop,接口名:query
    响应状态码:500,
    请求url:http://42.192.62.8:8082//shopping/myShop?page=1&limit=-1,
    请求方法:GET
2024-01-06 23:36:10,apiAssert(line:39),ERROR|Traceback (most recent call last):
  File "C:\DeliverySystem完整代码\common\apiAssert.py", line 27, in api_assert
    "==": result[assert_info] == exp_result[assert_info],
KeyError: 'code'

2024-01-06 23:36:10,baseApi(line:46),INFO|模块名:Shop,接口名:query
    响应状态码:200,
    请求url:http://42.192.62.8:8082//shopping/myShop?page=1&limit=21,
    请求方法:GET
2024-01-06 23:36:10,apiAssert(line:37),INFO|店铺查询接口断言,断言类型:==,断言详情：实际结果:20000,预期结果:20000
