2024-01-20 20:33:11,baseApi(line:49),INFO|模块名:Login,接口名:login
    响应状态码:200,
    请求url:http://42.192.62.8:8082//account/sLogin,
    请求方法:POST
2024-01-20 20:33:11,baseApi(line:49),INFO|模块名:FoodManage,接口名:add
    响应状态码:200,
    请求url:http://42.192.62.8:8082//shopping/addmyfood,
    请求方法:POST
2024-01-20 20:33:11,baseApi(line:49),INFO|模块名:FoodManage,接口名:add
    响应状态码:200,
    请求url:http://42.192.62.8:8082//shopping/addmyfood,
    请求方法:POST
2024-01-20 20:33:11,apiAssert(line:37),INFO|断言操作,断言类型:=,断言详情：实际结果:20000,预期结果:20000
2024-01-20 20:33:11,baseApi(line:49),INFO|模块名:FoodManage,接口名:add
    响应状态码:400,
    请求url:http://42.192.62.8:8082//shopping/addmyfood,
    请求方法:POST
2024-01-20 20:33:11,apiAssert(line:37),INFO|断言操作,断言类型:=,断言详情：实际结果:Bad Request,预期结果:Bad Request
2024-01-20 20:33:12,baseApi(line:49),INFO|模块名:FoodManage,接口名:add
    响应状态码:400,
    请求url:http://42.192.62.8:8082//shopping/addmyfood,
    请求方法:POST
2024-01-20 20:33:12,apiAssert(line:37),INFO|断言操作,断言类型:=,断言详情：实际结果:Bad Request,预期结果:Bad Request
2024-01-20 20:33:12,baseApi(line:49),INFO|模块名:FoodManage,接口名:add
    响应状态码:400,
    请求url:http://42.192.62.8:8082//shopping/addmyfood,
    请求方法:POST
2024-01-20 20:33:12,apiAssert(line:37),INFO|断言操作,断言类型:=,断言详情：实际结果:Bad Request,预期结果:Bad Request
2024-01-20 20:33:12,baseApi(line:49),INFO|模块名:FoodManage,接口名:add
    响应状态码:200,
    请求url:http://42.192.62.8:8082//shopping/addmyfood,
    请求方法:POST
2024-01-20 20:33:12,apiAssert(line:39),ERROR|Traceback (most recent call last):
  File "C:\DeliverySystem完整代码\common\apiAssert.py", line 27, in api_assert
    "==": result[assert_info] == exp_result[assert_info],
KeyError: 'code'

2024-01-20 20:33:12,baseApi(line:49),INFO|模块名:FoodManage,接口名:add
    响应状态码:400,
    请求url:http://42.192.62.8:8082//shopping/addmyfood,
    请求方法:POST
2024-01-20 20:33:12,apiAssert(line:37),INFO|断言操作,断言类型:=,断言详情：实际结果:Bad Request,预期结果:Bad Request
2024-01-20 20:33:12,baseApi(line:49),INFO|模块名:FoodManage,接口名:add
    响应状态码:400,
    请求url:http://42.192.62.8:8082//shopping/addmyfood,
    请求方法:POST
2024-01-20 20:33:12,apiAssert(line:37),INFO|断言操作,断言类型:=,断言详情：实际结果:Bad Request,预期结果:Bad Request
2024-01-20 20:33:12,baseApi(line:49),INFO|模块名:FoodManage,接口名:add
    响应状态码:200,
    请求url:http://42.192.62.8:8082//shopping/addmyfood,
    请求方法:POST
2024-01-20 20:33:12,apiAssert(line:37),INFO|断言操作,断言类型:=,断言详情：实际结果:20000,预期结果:20000
2024-01-20 20:33:12,baseApi(line:49),INFO|模块名:FoodManage,接口名:add
    响应状态码:200,
    请求url:http://42.192.62.8:8082//shopping/addmyfood,
    请求方法:POST
2024-01-20 20:33:12,apiAssert(line:37),INFO|断言操作,断言类型:=,断言详情：实际结果:20000,预期结果:20000
2024-01-20 20:33:12,baseApi(line:49),INFO|模块名:FoodManage,接口名:add
    响应状态码:200,
    请求url:http://42.192.62.8:8082//shopping/addmyfood,
    请求方法:POST
2024-01-20 20:33:12,apiAssert(line:37),INFO|断言操作,断言类型:=,断言详情：实际结果:20000,预期结果:20000
2024-01-20 20:33:12,baseApi(line:49),INFO|模块名:FoodManage,接口名:add
    响应状态码:400,
    请求url:http://42.192.62.8:8082//shopping/addmyfood,
    请求方法:POST
2024-01-20 20:33:12,apiAssert(line:37),INFO|断言操作,断言类型:=,断言详情：实际结果:Bad Request,预期结果:Bad Request
2024-01-20 20:33:13,baseApi(line:49),INFO|模块名:FoodManage,接口名:add
    响应状态码:400,
    请求url:http://42.192.62.8:8082//shopping/addmyfood,
    请求方法:POST
2024-01-20 20:33:13,apiAssert(line:37),INFO|断言操作,断言类型:=,断言详情：实际结果:Bad Request,预期结果:Bad Request
2024-01-20 20:33:13,baseApi(line:49),INFO|模块名:FoodManage,接口名:add
    响应状态码:400,
    请求url:http://42.192.62.8:8082//shopping/addmyfood,
    请求方法:POST
2024-01-20 20:33:13,apiAssert(line:37),INFO|断言操作,断言类型:=,断言详情：实际结果:Bad Request,预期结果:Bad Request
2024-01-20 20:33:13,baseApi(line:49),INFO|模块名:FoodManage,接口名:add
    响应状态码:200,
    请求url:http://42.192.62.8:8082//shopping/addmyfood,
    请求方法:POST
2024-01-20 20:33:13,apiAssert(line:39),ERROR|Traceback (most recent call last):
  File "C:\DeliverySystem完整代码\common\apiAssert.py", line 27, in api_assert
    "==": result[assert_info] == exp_result[assert_info],
KeyError: 'code'

2024-01-20 20:33:13,baseApi(line:49),INFO|模块名:FoodManage,接口名:add
    响应状态码:400,
    请求url:http://42.192.62.8:8082//shopping/addmyfood,
    请求方法:POST
2024-01-20 20:33:13,apiAssert(line:37),INFO|断言操作,断言类型:=,断言详情：实际结果:Bad Request,预期结果:Bad Request
2024-01-20 20:33:14,baseApi(line:49),INFO|模块名:FoodManage,接口名:add
    响应状态码:400,
    请求url:http://42.192.62.8:8082//shopping/addmyfood,
    请求方法:POST
2024-01-20 20:33:14,apiAssert(line:37),INFO|断言操作,断言类型:=,断言详情：实际结果:Bad Request,预期结果:Bad Request
2024-01-20 20:33:14,baseApi(line:49),INFO|模块名:FoodManage,接口名:add
    响应状态码:200,
    请求url:http://42.192.62.8:8082//shopping/addmyfood,
    请求方法:POST
2024-01-20 20:33:14,apiAssert(line:37),INFO|断言操作,断言类型:=,断言详情：实际结果:20000,预期结果:20000
2024-01-20 20:33:14,baseApi(line:49),INFO|模块名:FoodManage,接口名:add
    响应状态码:200,
    请求url:http://42.192.62.8:8082//shopping/addmyfood,
    请求方法:POST
2024-01-20 20:33:14,apiAssert(line:37),INFO|断言操作,断言类型:=,断言详情：实际结果:20000,预期结果:20000
2024-01-20 20:33:14,baseApi(line:49),INFO|模块名:FoodManage,接口名:add
    响应状态码:200,
    请求url:http://42.192.62.8:8082//shopping/addmyfood,
    请求方法:POST
2024-01-20 20:33:14,apiAssert(line:37),INFO|断言操作,断言类型:=,断言详情：实际结果:20000,预期结果:20000
2024-01-20 20:33:14,baseApi(line:49),INFO|模块名:FoodManage,接口名:add
    响应状态码:200,
    请求url:http://42.192.62.8:8082//shopping/addmyfood,
    请求方法:POST
2024-01-20 20:33:14,apiAssert(line:39),ERROR|Traceback (most recent call last):
  File "C:\DeliverySystem完整代码\common\apiAssert.py", line 27, in api_assert
    "==": result[assert_info] == exp_result[assert_info],
KeyError: 'code'

2024-01-20 20:33:14,baseApi(line:49),INFO|模块名:FoodManage,接口名:add
    响应状态码:200,
    请求url:http://42.192.62.8:8082//shopping/addmyfood,
    请求方法:POST
2024-01-20 20:33:14,apiAssert(line:37),INFO|断言操作,断言类型:=,断言详情：实际结果:20000,预期结果:20000
2024-01-20 20:33:14,baseApi(line:49),INFO|模块名:FoodManage,接口名:query
    响应状态码:200,
    请求url:http://42.192.62.8:8082//shopping/v2/myFoods?page=1&limit=1,
    请求方法:GET
2024-01-20 20:33:14,apiAssert(line:37),INFO|断言操作,断言类型:=,断言详情：实际结果:20000,预期结果:20000
2024-01-20 20:33:15,baseApi(line:49),INFO|模块名:FoodManage,接口名:query
    响应状态码:200,
    请求url:http://42.192.62.8:8082//shopping/v2/myFoods?page=&limit=1,
    请求方法:GET
2024-01-20 20:33:15,apiAssert(line:39),ERROR|Traceback (most recent call last):
  File "C:\DeliverySystem完整代码\common\apiAssert.py", line 27, in api_assert
    "==": result[assert_info] == exp_result[assert_info],
KeyError: 'code'

2024-01-20 20:33:15,baseApi(line:49),INFO|模块名:FoodManage,接口名:query
    响应状态码:500,
    请求url:http://42.192.62.8:8082//shopping/v2/myFoods?page=1&limit=,
    请求方法:GET
2024-01-20 20:33:15,apiAssert(line:37),INFO|断言操作,断言类型:=,断言详情：实际结果:Internal Server Error,预期结果:Internal Server Error
2024-01-20 20:33:15,baseApi(line:49),INFO|模块名:FoodManage,接口名:query
    响应状态码:200,
    请求url:http://42.192.62.8:8082//shopping/v2/myFoods?page=1&limit=1,
    请求方法:GET
2024-01-20 20:33:15,baseApi(line:49),INFO|模块名:FoodManage,接口名:query
    响应状态码:200,
    请求url:http://42.192.62.8:8082//shopping/v2/myFoods?page=1&limit=1,
    请求方法:GET
2024-01-20 20:33:15,baseApi(line:49),INFO|模块名:FoodManage,接口名:query
    响应状态码:200,
    请求url:http://42.192.62.8:8082//shopping/v2/myFoods?page=1&limit=1,
    请求方法:GET
2024-01-20 20:33:16,baseApi(line:49),INFO|模块名:FoodManage,接口名:query
    响应状态码:200,
    请求url:http://42.192.62.8:8082//shopping/v2/myFoods?page=1&limit=1,
    请求方法:GET
2024-01-20 20:33:16,baseApi(line:49),INFO|模块名:FoodManage,接口名:query
    响应状态码:200,
    请求url:http://42.192.62.8:8082//shopping/v2/myFoods?page=1&limit=1,
    请求方法:GET
2024-01-20 20:33:16,baseApi(line:49),INFO|模块名:FoodManage,接口名:query
    响应状态码:200,
    请求url:http://42.192.62.8:8082//shopping/v2/myFoods?page=1&limit=1,
    请求方法:GET
2024-01-20 20:33:17,baseApi(line:49),INFO|模块名:FoodManage,接口名:query
    响应状态码:200,
    请求url:http://42.192.62.8:8082//shopping/v2/myFoods?page=1&limit=1,
    请求方法:GET
2024-01-20 20:33:17,baseApi(line:49),INFO|模块名:FoodManage,接口名:query
    响应状态码:200,
    请求url:http://42.192.62.8:8082//shopping/v2/myFoods?page=1&limit=1,
    请求方法:GET
